20221219	16:45:54	0138ef15-3ece-4a60-9f94-2b25a870f549	GET	/	undefined
20221219	16:45:54	637a0df3-e556-4b1a-8899-2363437934d7	GET	/css/style.css	undefined
20221219	16:47:15	e8d782a5-1915-4fe7-8ab1-d086c755ae57	GET	/	undefined
20221219	16:47:15	85fd8b47-ea10-4cca-8631-2fd67a8d875c	GET	/css/style.css	undefined
20221219	16:56:28	580e74ce-8d25-469b-af43-f00c4b4bf25f	GET	/	undefined
20221219	16:56:28	5d70475a-8d4c-4388-a399-a6eca36f9c00	GET	/css/style.css	undefined
20221219	16:57:09	fbd7bbe5-01bf-4ec1-bc0c-9701d62371c6	GET	/css/style.css	undefined
20221219	16:57:27	7a1fe5ec-5e32-475b-9142-f0226c399046	GET	/	undefined
20221219	16:58:30	4b627677-52f1-40d7-aaf5-951f1ce05837	GET	/	undefined
20221219	16:58:30	ca714217-bb82-48fe-926a-b7a9718167d7	GET	/css/style.css	undefined
20221219	16:58:32	5d68e6b7-1563-46e5-bbeb-b69916c3ff61	GET	/	undefined
20221219	16:58:52	76220d3a-03fd-49ac-8765-aa81ce6abdfa	GET	/	undefined
20221219	16:58:52	36050098-25ae-4da2-adb7-c795d9677ad1	GET	/css/style.css	undefined
20221219	20:56:56	465bc395-d7ca-4420-bf0b-b81229661934	GET	/users	undefined
20221219	20:57:33	57a90536-9e1d-48a2-91ee-de9fbeceef9e	GET	/users	undefined
20221219	20:59:06	915135b4-95a2-4a0a-be82-29d823de9de8	POST	/users	undefined
20221219	20:59:56	75f65500-aa3d-4ad9-9570-8904cbc6a9e1	POST	/users	undefined
20221219	21:00:02	4e1ef049-e9b7-4972-8fec-9e105428a720	POST	/users	undefined
20221219	21:00:32	68849e80-3b12-4a7c-bb23-d0e0c206a33d	POST	/users	undefined
20221219	21:00:48	bd53c458-1b57-4b6e-b76c-eb18c71206a3	POST	/users	undefined
20221219	21:02:16	42df38e4-c97f-4761-81e1-400e24d3dcab	GET	/users	undefined
20221219	21:03:39	6f50c7d8-3297-4694-938b-ec25d3ab9aaf	POST	/users	undefined
20221219	21:03:43	28aa1907-8014-4b23-a63f-41bec996200d	GET	/users	undefined
20221219	21:04:10	7cf85262-2d5d-4d5c-8d63-2365165e5682	PATCH	/users	undefined
20221219	21:04:18	87019214-28e0-4543-b824-f5c1a7b468b0	PATCH	/users	undefined
20221219	21:04:38	c39e4608-7485-4cd2-b9d8-a12692ee22ad	PATCH	/users	undefined
20221219	21:05:38	0d620062-b35b-4538-ae03-31f51c037ec7	DELETE	/users	undefined
20221219	21:05:45	213f68e5-7c26-4e63-b99d-d6492c892ef5	DELETE	/users	undefined
20221219	21:06:35	5e8c8365-0bd7-45ce-95b8-588f62844a5f	PATCH	/users	undefined
